#
# A fatal error has been detected by the Java Runtime Environment:
#
#  EXCEPTION_ACCESS_VIOLATION (0xc0000005) at pc=0x000000006bcdd1f3, pid=5064, tid=0x0000000000001044
#
# JRE version: Java(TM) SE Runtime Environment (8.0_102-b14) (build 1.8.0_102-b14)
# Java VM: Java HotSpot(TM) 64-Bit Server VM (25.102-b14 mixed mode windows-amd64 compressed oops)
# Problematic frame:
# V  [jvm.dll+0x46d1f3]
#
# Failed to write core dump. Minidumps are not enabled by default on client versions of Windows
#
# If you would like to submit a bug report, please visit:
#   http://bugreport.java.com/bugreport/crash.jsp
#

---------------  T H R E A D  ---------------

Current thread (0x00000000551b6800):  JavaThread "C2 CompilerThread0" daemon [_thread_in_native, id=4164, stack(0x0000000056de0000,0x0000000056ee0000)]

siginfo: ExceptionCode=0xc0000005, reading address 0x0000000000940000

Registers:
RAX=0x0000000057d4c5c8, RBX=0x0000000056edc3f0, RCX=0x00000000fb1d99ff, RDX=0x00000000566c0e60
RSP=0x0000000056edc1f0, RBP=0x0000000000000000, RSI=0x0000000000001232, RDI=0x0000000000940000
R8 =0x0000000000000106, R9 =0x0000000000000010, R10=0x0000000000000000, R11=0x00000000566c0e70
R12=0x0000000000000003, R13=0x0000000057d4c588, R14=0x0000000000000ec9, R15=0x0000000000007648
RIP=0x000000006bcdd1f3, EFLAGS=0x0000000000010246

Top of Stack: (sp=0x0000000056edc1f0)
0x0000000056edc1f0:   0000000056edc3f0 000000000000000c
0x0000000056edc200:   0000000056edefc0 000000006bd7b046
0x0000000056edc210:   0000000057dbf2d8 000000006be50818
0x0000000056edc220:   0000000056ede560 0000000056ede560
0x0000000056edc230:   000000005514d620 000000006bd7bce9
0x0000000056edc240:   0000000056ede450 0000000056edc3e0
0x0000000056edc250:   0000000056edc3e0 0000000000007fe8
0x0000000056edc260:   0000000056edefc0 000000006bd7bdfb
0x0000000056edc270:   000000005514d620 0000000056edc3f0
0x0000000056edc280:   0000000056edc320 0000000056ede560
0x0000000056edc290:   0000000056ede470 000000005514d620
0x0000000056edc2a0:   0000000000000000 000000006bd7ddaa
0x0000000056edc2b0:   0000000058379e50 0000000057dbf2d8
0x0000000056edc2c0:   000000006be50818 0000000057db72f0
0x0000000056edc2d0:   0000000057dbe380 000000005514d620
0x0000000056edc2e0:   000000005514d620 000000006bce3ffb 

Instructions: (pc=0x000000006bcdd1f3)
0x000000006bcdd1d3:   00 33 ed 44 8b e0 0f 1f 80 00 00 00 00 49 8b 45
0x000000006bcdd1e3:   08 48 8b 3c 28 48 85 ff 74 6c 40 f6 c7 01 75 66
0x000000006bcdd1f3:   48 83 3f fe 74 60 8b 4f 28 8b c1 c1 e8 05 3b 43
0x000000006bcdd203:   30 72 0f 48 8b 43 20 8b d1 48 8d 4b 20 ff 50 18 


Register to memory mapping:

RAX=0x0000000057d4c5c8 is an unknown value
RBX=0x0000000056edc3f0 is pointing into the stack for thread: 0x00000000551b6800
RCX=0x00000000fb1d99ff is an unallocated location in the heap
RDX=0x00000000566c0e60 is an unknown value
RSP=0x0000000056edc1f0 is pointing into the stack for thread: 0x00000000551b6800
RBP=0x0000000000000000 is an unknown value
RSI=0x0000000000001232 is an unknown value
RDI=0x0000000000940000 is an unknown value
R8 =0x0000000000000106 is an unknown value
R9 =0x0000000000000010 is an unknown value
R10=0x0000000000000000 is an unknown value
R11=0x00000000566c0e70 is an unknown value
R12=0x0000000000000003 is an unknown value
R13=0x0000000057d4c588 is an unknown value
R14=0x0000000000000ec9 is an unknown value
R15=0x0000000000007648 is an unknown value


Stack: [0x0000000056de0000,0x0000000056ee0000],  sp=0x0000000056edc1f0,  free space=1008k
Native frames: (J=compiled Java code, j=interpreted, Vv=VM code, C=native code)


Current CompileTask:
C2:   1243 1442       4       com.android.dx.ssa.SCCP::simulateBranch (666 bytes)


---------------  P R O C E S S  ---------------

Java Threads: ( => current thread )
  0x000000005677c800 JavaThread "pool-2-thread-4" [_thread_in_vm, id=3216, stack(0x00000000578b0000,0x00000000579b0000)]
  0x000000005677c000 JavaThread "pool-2-thread-3" [_thread_blocked, id=1940, stack(0x00000000576e0000,0x00000000577e0000)]
  0x0000000056774800 JavaThread "pool-2-thread-2" [_thread_blocked, id=4320, stack(0x0000000056ef0000,0x0000000056ff0000)]
  0x0000000056776000 JavaThread "pool-3-thread-1" [_thread_blocked, id=2656, stack(0x0000000056050000,0x0000000056150000)]
  0x0000000056766000 JavaThread "pool-2-thread-1" [_thread_blocked, id=4220, stack(0x00000000575a0000,0x00000000576a0000)]
  0x000000005666f000 JavaThread "Service Thread" daemon [_thread_blocked, id=4324, stack(0x0000000057300000,0x0000000057400000)]
  0x000000005661a000 JavaThread "C1 CompilerThread2" daemon [_thread_blocked, id=4812, stack(0x0000000057130000,0x0000000057230000)]
  0x0000000056619800 JavaThread "C2 CompilerThread1" daemon [_thread_in_native, id=5028, stack(0x0000000056ff0000,0x00000000570f0000)]
=>0x00000000551b6800 JavaThread "C2 CompilerThread0" daemon [_thread_in_native, id=4164, stack(0x0000000056de0000,0x0000000056ee0000)]
  0x00000000551b5000 JavaThread "Attach Listener" daemon [_thread_blocked, id=4376, stack(0x0000000056c50000,0x0000000056d50000)]
  0x00000000551b4000 JavaThread "Signal Dispatcher" daemon [_thread_blocked, id=4916, stack(0x0000000056ac0000,0x0000000056bc0000)]
  0x000000005519e000 JavaThread "Finalizer" daemon [_thread_blocked, id=5052, stack(0x0000000056510000,0x0000000056610000)]
  0x0000000055155000 JavaThread "Reference Handler" daemon [_thread_blocked, id=4284, stack(0x0000000056340000,0x0000000056440000)]
  0x000000000045d800 JavaThread "main" [_thread_blocked, id=3964, stack(0x00000000023f0000,0x00000000024f0000)]

Other Threads:
  0x000000005514d800 VMThread [stack: 0x0000000056150000,0x0000000056250000] [id=3952]
  0x0000000056683800 WatcherThread [stack: 0x0000000057430000,0x0000000057530000] [id=3084]

VM state:not at safepoint (normal execution)

VM Mutex/Monitor currently owned by a thread: None

Heap:
 PSYoungGen      total 70656K, used 7473K [0x00000000eab00000, 0x00000000ef500000, 0x0000000100000000)
  eden space 65536K, 3% used [0x00000000eab00000,0x00000000ead4d350,0x00000000eeb00000)
  from space 5120K, 99% used [0x00000000ef000000,0x00000000ef4ff3a8,0x00000000ef500000)
  to   space 5120K, 0% used [0x00000000eeb00000,0x00000000eeb00000,0x00000000ef000000)
 ParOldGen       total 86016K, used 7127K [0x00000000c0000000, 0x00000000c5400000, 0x00000000eab00000)
  object space 86016K, 8% used [0x00000000c0000000,0x00000000c06f5cb0,0x00000000c5400000)
 Metaspace       used 6001K, capacity 7024K, committed 7296K, reserved 1056768K
  class space    used 583K, capacity 616K, committed 640K, reserved 1048576K

Card table byte_map: [0x0000000011b80000,0x0000000011d90000] byte_map_base: 0x0000000011580000

Marking Bits: (ParMarkBitMap*) 0x000000006c08a6c0
 Begin Bits: [0x00000000125c0000, 0x00000000135c0000)
 End Bits:   [0x00000000135c0000, 0x00000000145c0000)

Polling page: 0x0000000000440000

CodeCache: size=245760Kb used=6149Kb max_used=6161Kb free=239610Kb
 bounds [0x00000000027c0000, 0x0000000002dd0000, 0x00000000117c0000]
 total_blobs=1794 nmethods=1532 adapters=175
 compilation: enabled

Compilation events (10 events):
Event: 1.216 Thread 0x000000005661a000 nmethod 1543 0x0000000002dbd1d0 code [0x0000000002dbd3e0, 0x0000000002dbd938]
Event: 1.216 Thread 0x000000005661a000 1544       2       com.android.dx.rop.annotation.Annotations::addAll (59 bytes)
Event: 1.216 Thread 0x000000005661a000 nmethod 1544 0x0000000002dbdf50 code [0x0000000002dbe120, 0x0000000002dbe5b8]
Event: 1.217 Thread 0x000000005661a000 1545       2       com.android.dx.cf.code.LocalVariableList$Item::getLocalItem (12 bytes)
Event: 1.217 Thread 0x000000005661a000 nmethod 1545 0x0000000002dbe8d0 code [0x0000000002dbea20, 0x0000000002dbec10]
Event: 1.217 Thread 0x000000005661a000 1546       2       com.android.dx.rop.code.LocalItem::make (20 bytes)
Event: 1.217 Thread 0x000000005661a000 nmethod 1546 0x0000000002dbecd0 code [0x0000000002dbee20, 0x0000000002dbeff0]
Event: 1.217 Thread 0x000000005661a000 1547       2       com.android.dx.rop.code.LocalItem::<init> (15 bytes)
Event: 1.217 Thread 0x000000005661a000 nmethod 1547 0x0000000002dbf090 code [0x0000000002dbf1e0, 0x0000000002dbf350]
Event: 1.218 Thread 0x000000005661a000 1548       2       java.util.Collections::unmodifiableCollection (9 bytes)

GC Heap History (3 events):
Event: 0.877 GC heap before
{Heap before GC invocations=1 (full 0):
 PSYoungGen      total 37888K, used 32768K [0x00000000eab00000, 0x00000000ed500000, 0x0000000100000000)
  eden space 32768K, 100% used [0x00000000eab00000,0x00000000ecb00000,0x00000000ecb00000)
  from space 5120K, 0% used [0x00000000ed000000,0x00000000ed000000,0x00000000ed500000)
  to   space 5120K, 0% used [0x00000000ecb00000,0x00000000ecb00000,0x00000000ed000000)
 ParOldGen       total 86016K, used 0K [0x00000000c0000000, 0x00000000c5400000, 0x00000000eab00000)
  object space 86016K, 0% used [0x00000000c0000000,0x00000000c0000000,0x00000000c5400000)
 Metaspace       used 5748K, capacity 6832K, committed 7040K, reserved 1056768K
  class space    used 583K, capacity 616K, committed 640K, reserved 1048576K
Event: 0.890 GC heap after
Heap after GC invocations=1 (full 0):
 PSYoungGen      total 37888K, used 5103K [0x00000000eab00000, 0x00000000ef500000, 0x0000000100000000)
  eden space 32768K, 0% used [0x00000000eab00000,0x00000000eab00000,0x00000000ecb00000)
  from space 5120K, 99% used [0x00000000ecb00000,0x00000000ecffbea0,0x00000000ed000000)
  to   space 5120K, 0% used [0x00000000ef000000,0x00000000ef000000,0x00000000ef500000)
 ParOldGen       total 86016K, used 2640K [0x00000000c0000000, 0x00000000c5400000, 0x00000000eab00000)
  object space 86016K, 3% used [0x00000000c0000000,0x00000000c02942c0,0x00000000c5400000)
 Metaspace       used 5748K, capacity 6832K, committed 7040K, reserved 1056768K
  class space    used 583K, capacity 616K, committed 640K, reserved 1048576K
}
Event: 1.219 GC heap before
{Heap before GC invocations=2 (full 0):
 PSYoungGen      total 37888K, used 37871K [0x00000000eab00000, 0x00000000ef500000, 0x0000000100000000)
  eden space 32768K, 100% used [0x00000000eab00000,0x00000000ecb00000,0x00000000ecb00000)
  from space 5120K, 99% used [0x00000000ecb00000,0x00000000ecffbea0,0x00000000ed000000)
  to   space 5120K, 0% used [0x00000000ef000000,0x00000000ef000000,0x00000000ef500000)
 ParOldGen       total 86016K, used 2640K [0x00000000c0000000, 0x00000000c5400000, 0x00000000eab00000)
  object space 86016K, 3% used [0x00000000c0000000,0x00000000c02942c0,0x00000000c5400000)
 Metaspace       used 6001K, capacity 7024K, committed 7296K, reserved 1056768K
  class space    used 583K, capacity 616K, committed 640K, reserved 1048576K

Deoptimization events (10 events):
Event: 0.727 Thread 0x0000000056774800 Uncommon trap: reason=bimorphic action=maybe_recompile pc=0x0000000002a59514 method=java.util.HashMap.putVal(ILjava/lang/Object;Ljava/lang/Object;ZZ)Ljava/lang/Object; @ 91
Event: 0.784 Thread 0x000000005677c000 Uncommon trap: reason=null_check action=make_not_entrant pc=0x0000000002b07890 method=com.android.dx.rop.type.Type.equals(Ljava/lang/Object;)Z @ 8
Event: 0.853 Thread 0x000000005677c000 Uncommon trap: reason=unstable_if action=reinterpret pc=0x0000000002bd13ec method=com.android.dx.rop.code.RegisterSpecSet.put(Lcom/android/dx/rop/code/RegisterSpec;)V @ 77
Event: 0.853 Thread 0x000000005677c000 Uncommon trap: reason=unstable_if action=reinterpret pc=0x0000000002c0da74 method=com.android.dx.ssa.SsaRenamer$BlockRenamer.addMapping(ILcom/android/dx/rop/code/RegisterSpec;)V @ 120
Event: 0.854 Thread 0x000000005677c000 Uncommon trap: reason=class_check action=maybe_recompile pc=0x0000000002a96204 method=com.android.dx.ssa.NormalSsaInsn.accept(Lcom/android/dx/ssa/SsaInsn$Visitor;)V @ 9
Event: 0.854 Thread 0x000000005677c000 Uncommon trap: reason=class_check action=maybe_recompile pc=0x0000000002a57460 method=com.android.dx.ssa.NormalSsaInsn.accept(Lcom/android/dx/ssa/SsaInsn$Visitor;)V @ 9
Event: 0.854 Thread 0x000000005677c000 Uncommon trap: reason=class_check action=maybe_recompile pc=0x0000000002a96204 method=com.android.dx.ssa.NormalSsaInsn.accept(Lcom/android/dx/ssa/SsaInsn$Visitor;)V @ 9
Event: 0.854 Thread 0x000000005677c000 Uncommon trap: reason=class_check action=maybe_recompile pc=0x0000000002a57460 method=com.android.dx.ssa.NormalSsaInsn.accept(Lcom/android/dx/ssa/SsaInsn$Visitor;)V @ 9
Event: 0.854 Thread 0x000000005677c000 Uncommon trap: reason=class_check action=maybe_recompile pc=0x0000000002a96204 method=com.android.dx.ssa.NormalSsaInsn.accept(Lcom/android/dx/ssa/SsaInsn$Visitor;)V @ 9
Event: 1.051 Thread 0x000000005677c000 Uncommon trap: reason=null_check action=make_not_entrant pc=0x0000000002ce68c4 method=com.android.dx.ssa.SsaRenamer.getLocalForNewReg(I)Lcom/android/dx/rop/code/LocalItem; @ 19

Internal exceptions (4 events):
Event: 0.058 Thread 0x000000000045d800 Exception <a 'java/lang/NoSuchMethodError': Method sun.misc.Unsafe.defineClass(Ljava/lang/String;[BII)Ljava/lang/Class; name or signature does not match> (0x00000000eab07c78) thrown at [C:\re\workspace\8-2-build-windows-amd64-cygwin\jdk8u102\7268\hotspot\s2—Û`À≠?
Event: 0.058 Thread 0x000000000045d800 Exception <a 'java/lang/NoSuchMethodError': Method sun.misc.Unsafe.prefetchRead(Ljava/lang/Object;J)V name or signature does not match> (0x00000000eab07f60) thrown at [C:\re\workspace\8-2-build-windows-amd64-cygwin\jdk8u102\7268\hotspot\src\share\vm\prims\‘èe·È?
Event: 0.784 Thread 0x000000005677c000 Implicit null exception at 0x0000000002b07792 to 0x0000000002b07882
Event: 1.051 Thread 0x000000005677c000 Implicit null exception at 0x0000000002ce5ab4 to 0x0000000002ce6891

Events (10 events):
Event: 1.167 Thread 0x000000005677c000 DEOPT UNPACKING pc=0x000000000280747f sp=0x00000000577de6f0 mode 0
Event: 1.182 Thread 0x000000005677c000 DEOPT PACKING pc=0x0000000002a22f85 sp=0x00000000577de7d0
Event: 1.182 Thread 0x000000005677c000 DEOPT UNPACKING pc=0x000000000280747f sp=0x00000000577de5b0 mode 0
Event: 1.192 Thread 0x0000000056766000 DEOPT PACKING pc=0x0000000002a22f85 sp=0x000000005769e800
Event: 1.192 Thread 0x0000000056766000 DEOPT UNPACKING pc=0x000000000280747f sp=0x000000005769e5e0 mode 0
Event: 1.204 Thread 0x000000005677c800 DEOPT PACKING pc=0x0000000002a22f85 sp=0x00000000579ae9f0
Event: 1.204 Thread 0x000000005677c800 DEOPT UNPACKING pc=0x000000000280747f sp=0x00000000579ae7d0 mode 0
Event: 1.213 Thread 0x0000000056774800 DEOPT PACKING pc=0x0000000002a22f85 sp=0x0000000056fee670
Event: 1.213 Thread 0x0000000056774800 DEOPT UNPACKING pc=0x000000000280747f sp=0x0000000056fee450 mode 0
Event: 1.218 Executing VM operation: ParallelGCFailedAllocation


Dynamic libraries:
0x000000013f8e0000 - 0x000000013f917000 	C:\Program Files\Java\jdk1.8.0_102\bin\java.exe
0x00000000770d0000 - 0x0000000077279000 	C:\Windows\SYSTEM32\ntdll.dll
0x0000000076eb0000 - 0x0000000076fcf000 	C:\Windows\system32\kernel32.dll
0x000007fefd1d0000 - 0x000007fefd23b000 	C:\Windows\system32\KERNELBASE.dll
0x000007fefdbf0000 - 0x000007fefdccb000 	C:\Windows\system32\ADVAPI32.dll
0x000007fefdff0000 - 0x000007fefe08f000 	C:\Windows\system32\msvcrt.dll
0x000007fefe090000 - 0x000007fefe0af000 	C:\Windows\SYSTEM32\sechost.dll
0x000007fefd3f0000 - 0x000007fefd51d000 	C:\Windows\system32\RPCRT4.dll
0x0000000076fd0000 - 0x00000000770ca000 	C:\Windows\system32\USER32.dll
0x000007fefdd50000 - 0x000007fefddb7000 	C:\Windows\system32\GDI32.dll
0x000007fefd520000 - 0x000007fefd52e000 	C:\Windows\system32\LPK.dll
0x000007fefe0b0000 - 0x000007fefe179000 	C:\Windows\system32\USP10.dll
0x000007fefba40000 - 0x000007fefbc34000 	C:\Windows\WinSxS\amd64_microsoft.windows.common-controls_6595b64144ccf1df_6.0.7601.17514_none_fa396087175ac9ac\COMCTL32.dll
0x000007fefdcd0000 - 0x000007fefdd41000 	C:\Windows\system32\SHLWAPI.dll
0x000007fefe180000 - 0x000007fefe1ae000 	C:\Windows\system32\IMM32.DLL
0x000007fefefb0000 - 0x000007feff0b9000 	C:\Windows\system32\MSCTF.dll
0x00000000722c0000 - 0x0000000072391000 	C:\Program Files\Java\jdk1.8.0_102\jre\bin\msvcr100.dll
0x000000006b870000 - 0x000000006c10a000 	C:\Program Files\Java\jdk1.8.0_102\jre\bin\server\jvm.dll
0x000007fef8f90000 - 0x000007fef8f99000 	C:\Windows\system32\WSOCK32.dll
0x000007fefdfa0000 - 0x000007fefdfed000 	C:\Windows\system32\WS2_32.dll
0x000007fefef40000 - 0x000007fefef48000 	C:\Windows\system32\NSI.dll
0x000007fefaed0000 - 0x000007fefaf0b000 	C:\Windows\system32\WINMM.dll
0x000007fefc180000 - 0x000007fefc18c000 	C:\Windows\system32\VERSION.dll
0x00000000772a0000 - 0x00000000772a7000 	C:\Windows\system32\PSAPI.DLL
0x0000000073150000 - 0x000000007315f000 	C:\Program Files\Java\jdk1.8.0_102\jre\bin\verify.dll
0x0000000073120000 - 0x0000000073149000 	C:\Program Files\Java\jdk1.8.0_102\jre\bin\java.dll
0x0000000072660000 - 0x0000000072676000 	C:\Program Files\Java\jdk1.8.0_102\jre\bin\zip.dll
0x000007fefe1b0000 - 0x000007fefef38000 	C:\Windows\system32\SHELL32.dll
0x000007fefd700000 - 0x000007fefd903000 	C:\Windows\system32\ole32.dll
0x000007fefd020000 - 0x000007fefd02f000 	C:\Windows\system32\profapi.dll
0x000007fef7f90000 - 0x000007fef80b5000 	C:\Windows\system32\dbghelp.dll

VM Arguments:
jvm_args: -Djava.awt.headless=true -Xmx1024M -Dfile.encoding=windows-1252 -Duser.country=US -Duser.language=en -Duser.variant 
java_command: com.android.dx.command.Main --dex --num-threads=4 --multi-dex --output D:\Raj\Projects\Latest Holela\Holela\holela\build\intermediates\transforms\dex\debug\folders\1000\1\debug_59ac5c5b7a37bd089ca059015dae0e6418ddfce2 D:\Raj\Projects\Latest Holela\Holela\holela\build\intermediates\classes\debug
java_class_path (initial): D:\Software\SDK\build-tools\25.0.2\lib\dx.jar
Launcher Type: SUN_STANDARD

Environment Variables:
PATH=C:\ProgramData\Oracle\Java\javapath;C:\Windows\system32;C:\Windows;C:\Windows\System32\Wbem;C:\Windows\System32\WindowsPowerShell\v1.0\
USERNAME=Raj
OS=Windows_NT
PROCESSOR_IDENTIFIER=Intel64 Family 6 Model 37 Stepping 2, GenuineIntel



---------------  S Y S T E M  ---------------

OS: Windows 7 , 64 bit Build 7601 (6.1.7601.17514)

CPU:total 4 (2 cores per cpu, 2 threads per core) family 6 model 37 stepping 2, cmov, cx8, fxsr, mmx, sse, sse2, sse3, ssse3, sse4.1, sse4.2, popcnt, ht, tsc, tscinvbit

Memory: 4k page, physical 8248436k(3360800k free), swap 16495028k(11211128k free)

vm_info: Java HotSpot(TM) 64-Bit Server VM (25.102-b14) for windows-amd64 JRE (1.8.0_102-b14), built on Jun 22 2016 13:15:21 by "java_re" with MS VC++ 10.0 (VS2010)

time: Wed Aug 02 10:51:21 2017
elapsed time: 1 seconds (0d 0h 0m 1s)

