#
# A fatal error has been detected by the Java Runtime Environment:
#
#  EXCEPTION_ACCESS_VIOLATION (0xc0000005) at pc=0x0000000071f1f422, pid=412, tid=0x0000000000000e8c
#
# JRE version: Java(TM) SE Runtime Environment (8.0_102-b14) (build 1.8.0_102-b14)
# Java VM: Java HotSpot(TM) 64-Bit Server VM (25.102-b14 mixed mode windows-amd64 compressed oops)
# Problematic frame:
# V  [jvm.dll+0xaf422]
#
# Failed to write core dump. Minidumps are not enabled by default on client versions of Windows
#
# If you would like to submit a bug report, please visit:
#   http://bugreport.java.com/bugreport/crash.jsp
#

---------------  T H R E A D  ---------------

Current thread (0x000000000205f000):  GCTaskThread [stack: 0x0000000012170000,0x0000000012270000] [id=3724]

siginfo: ExceptionCode=0xc0000005, reading address 0x00000000000000e8

Registers:
RAX=0x0000000000000000, RBX=0x00000000d8e41460, RCX=0x00000000143190c0, RDX=0x00000000d8e41460
RSP=0x000000001226f488, RBP=0x0000000054ec6d50, RSI=0x00000000d8e489b8, RDI=0x00000000d8e41460
R8 =0x0000000000000000, R9 =0x00000000143190c0, R10=0x0000000000001052, R11=0x00000000d8e50738
R12=0x00000000d8e48eb4, R13=0x00000000000001b9, R14=0x00000000d8e487c0, R15=0x00000000000001b9
RIP=0x0000000071f1f422, EFLAGS=0x0000000000010246

Top of Stack: (sp=0x000000001226f488)
0x000000001226f488:   0000000071f7abc7 00000000d8e50738
0x000000001226f498:   0000000054ec6d50 00000000d8e489b4
0x000000001226f4a8:   0000000000000003 00000000d8e41460
0x000000001226f4b8:   0000000071faa2ba 0000000000000fe1
0x000000001226f4c8:   0000000071f84596 00000000d8e487c0
0x000000001226f4d8:   00000000d8e487b8 0000000054ec6d50
0x000000001226f4e8:   0000000071faa3c3 0000000000000000
0x000000001226f4f8:   000000000205f9e0 0000000002059ae0
0x000000001226f508:   0000000000000000 0000000000000fe1
0x000000001226f518:   0000000072266d40 0000000054ec6d50
0x000000001226f528:   0000000000000002 00000000724c2008
0x000000001226f538:   00000000724c2008 00000000d870a548
0x000000001226f548:   0000000054ec6d50 00000000f1bd480c
0x000000001226f558:   0000000000000008 00000000d870a548
0x000000001226f568:   0000000071faa331 0000000054ec9510
0x000000001226f578:   00000bd8000002db 000000000205f000 

Instructions: (pc=0x0000000071f1f422)
0x0000000071f1f402:   e2 49 8d 0c 11 49 f7 d1 48 03 c1 49 c1 e9 03 48
0x0000000071f1f412:   c1 e8 03 41 23 c1 c3 48 8b 02 48 8b d1 49 8b c9
0x0000000071f1f422:   48 ff a0 e8 00 00 00 cc cc cc cc cc cc cc 80 3d
0x0000000071f1f432:   2a bf 75 00 00 48 8b c1 74 1b 8b 51 08 8b 0d 63 


Register to memory mapping:

RAX=0x0000000000000000 is an unknown value
RBX=0x00000000d8e41460 is an oop
com.android.dx.rop.cst.CstString 
 - klass: 'com/android/dx/rop/cst/CstString'
RCX=0x00000000143190c0 is an unknown value
RDX=0x00000000d8e41460 is an oop
com.android.dx.rop.cst.CstString 
 - klass: 'com/android/dx/rop/cst/CstString'
RSP=0x000000001226f488 is an unknown value
RBP=0x0000000054ec6d50 is an unknown value
RSI=0x00000000d8e489b8 is pointing into object: 0x00000000d8e487c0
[Lcom.android.dx.rop.cst.Constant; 
 - klass: 'com/android/dx/rop/cst/Constant'[]
 - length: 441
RDI=0x00000000d8e41460 is an oop
com.android.dx.rop.cst.CstString 
 - klass: 'com/android/dx/rop/cst/CstString'
R8 =0x0000000000000000 is an unknown value
R9 =0x00000000143190c0 is an unknown value
R10=0x0000000000001052 is an unknown value
R11=0x00000000d8e50738 is an oop
com.android.dx.rop.cst.CstString 
 - klass: 'com/android/dx/rop/cst/CstString'
R12=0x00000000d8e48eb4 is pointing into object: 0x00000000d8e487c0
[Lcom.android.dx.rop.cst.Constant; 
 - klass: 'com/android/dx/rop/cst/Constant'[]
 - length: 441
R13=0x00000000000001b9 is an unknown value
R14=0x00000000d8e487c0 is an oop
[Lcom.android.dx.rop.cst.Constant; 
 - klass: 'com/android/dx/rop/cst/Constant'[]
 - length: 441
R15=0x00000000000001b9 is an unknown value


Stack: [0x0000000012170000,0x0000000012270000],  sp=0x000000001226f488,  free space=1021k
Native frames: (J=compiled Java code, j=interpreted, Vv=VM code, C=native code)
V  [jvm.dll+0xaf422]


---------------  P R O C E S S  ---------------

Java Threads: ( => current thread )
  0x00000000573a4000 JavaThread "pool-1-thread-1" [_thread_blocked, id=1456, stack(0x00000000588d0000,0x00000000589d0000)]
  0x000000005659a800 JavaThread "Service Thread" daemon [_thread_blocked, id=1428, stack(0x0000000056d80000,0x0000000056e80000)]
  0x000000005650a000 JavaThread "C1 CompilerThread2" daemon [_thread_blocked, id=2068, stack(0x0000000056f10000,0x0000000057010000)]
  0x0000000056508800 JavaThread "C2 CompilerThread1" daemon [_thread_blocked, id=3484, stack(0x0000000055e80000,0x0000000055f80000)]
  0x0000000056502800 JavaThread "C2 CompilerThread0" daemon [_thread_blocked, id=3760, stack(0x0000000056c70000,0x0000000056d70000)]
  0x0000000054f94800 JavaThread "Attach Listener" daemon [_thread_blocked, id=3632, stack(0x0000000056b60000,0x0000000056c60000)]
  0x0000000054f93000 JavaThread "Signal Dispatcher" daemon [_thread_blocked, id=2160, stack(0x0000000056990000,0x0000000056a90000)]
  0x0000000054f7a800 JavaThread "Finalizer" daemon [_thread_blocked, id=944, stack(0x0000000056400000,0x0000000056500000)]
  0x0000000054f33000 JavaThread "Reference Handler" daemon [_thread_blocked, id=4048, stack(0x00000000561d0000,0x00000000562d0000)]
  0x000000000212d800 JavaThread "main" [_thread_blocked, id=2776, stack(0x0000000002390000,0x0000000002490000)]

Other Threads:
  0x0000000054f2b800 VMThread [stack: 0x0000000056020000,0x0000000056120000] [id=3932]
  0x00000000565a3000 WatcherThread [stack: 0x00000000562f0000,0x00000000563f0000] [id=2708]

=>0x000000000205f000 (exited) GCTaskThread [stack: 0x0000000012170000,0x0000000012270000] [id=3724]

VM state:at safepoint (normal execution)

VM Mutex/Monitor currently owned by a thread:  ([mutex/lock_event])
[0x000000000212bfd0] Threads_lock - owner thread: 0x0000000054f2b800
[0x000000000212c4d0] Heap_lock - owner thread: 0x00000000573a4000

Heap:
 PSYoungGen      total 155648K, used 116736K [0x00000000eab00000, 0x00000000ffc00000, 0x0000000100000000)
  eden space 116736K, 100% used [0x00000000eab00000,0x00000000f1d00000,0x00000000f1d00000)
  from space 38912K, 0% used [0x00000000f1d00000,0x00000000f1d00000,0x00000000f4300000)
  to   space 114176K, 0% used [0x00000000f8c80000,0x00000000f8c80000,0x00000000ffc00000)
 ParOldGen       total 699392K, used 699005K [0x00000000c0000000, 0x00000000eab00000, 0x00000000eab00000)
  object space 699392K, 99% used [0x00000000c0000000,0x00000000eaa9f798,0x00000000eab00000)
 Metaspace       used 6604K, capacity 7384K, committed 7680K, reserved 1056768K
  class space    used 621K, capacity 656K, committed 768K, reserved 1048576K

Card table byte_map: [0x0000000011b20000,0x0000000011d30000] byte_map_base: 0x0000000011520000

Marking Bits: (ParMarkBitMap*) 0x000000007268a6c0
 Begin Bits: [0x00000000123a0000, 0x00000000133a0000)
 End Bits:   [0x00000000133a0000, 0x00000000143a0000)

Polling page: 0x00000000004c0000

CodeCache: size=245760Kb used=11864Kb max_used=12589Kb free=233895Kb
 bounds [0x0000000002760000, 0x0000000003450000, 0x0000000011760000]
 total_blobs=2758 nmethods=2495 adapters=176
 compilation: enabled

Compilation events (10 events):
Event: 53.128 Thread 0x000000005650a000 3143       3       com.android.dx.dex.file.ClassDataItem::addContents (207 bytes)
Event: 53.131 Thread 0x000000005650a000 nmethod 3143 0x0000000002db0010 code [0x0000000002db0420, 0x0000000002db2b98]
Event: 53.133 Thread 0x000000005650a000 3145       3       java.util.ComparableTimSort::countRunAndMakeAscending (123 bytes)
Event: 53.134 Thread 0x000000005650a000 nmethod 3145 0x00000000029e7410 code [0x00000000029e7620, 0x00000000029e83a8]
Event: 53.143 Thread 0x000000005650a000 3146       2       java.util.ComparableTimSort::mergeHi (729 bytes)
Event: 53.145 Thread 0x000000005650a000 nmethod 3146 0x0000000002e64850 code [0x0000000002e64b00, 0x0000000002e66278]
Event: 53.145 Thread 0x000000005650a000 3147       3       com.android.dx.dex.file.ClassDataItem::makeStaticValuesConstant (173 bytes)
Event: 53.148 Thread 0x000000005650a000 nmethod 3147 0x0000000003080990 code [0x0000000003080d60, 0x00000000030830b8]
Event: 53.170 Thread 0x000000005650a000 3149       2       java.util.ComparableTimSort::mergeAt (356 bytes)
Event: 53.171 Thread 0x000000005650a000 nmethod 3149 0x0000000002e8eb50 code [0x0000000002e8ed00, 0x0000000002e8f198]

GC Heap History (10 events):
Event: 34.888 GC heap after
Heap after GC invocations=42 (full 4):
 PSYoungGen      total 232960K, used 53028K [0x00000000eab00000, 0x0000000100000000, 0x0000000100000000)
  eden space 116736K, 0% used [0x00000000eab00000,0x00000000eab00000,0x00000000f1d00000)
  from space 116224K, 45% used [0x00000000f8e80000,0x00000000fc2492c8,0x0000000100000000)
  to   space 116224K, 0% used [0x00000000f1d00000,0x00000000f1d00000,0x00000000f8e80000)
 ParOldGen       total 699392K, used 635621K [0x00000000c0000000, 0x00000000eab00000, 0x00000000eab00000)
  object space 699392K, 90% used [0x00000000c0000000,0x00000000e6cb9450,0x00000000eab00000)
 Metaspace       used 6511K, capacity 7288K, committed 7552K, reserved 1056768K
  class space    used 614K, capacity 624K, committed 640K, reserved 1048576K
}
Event: 35.428 GC heap before
{Heap before GC invocations=43 (full 4):
 PSYoungGen      total 232960K, used 169764K [0x00000000eab00000, 0x0000000100000000, 0x0000000100000000)
  eden space 116736K, 100% used [0x00000000eab00000,0x00000000f1d00000,0x00000000f1d00000)
  from space 116224K, 45% used [0x00000000f8e80000,0x00000000fc2492c8,0x0000000100000000)
  to   space 116224K, 0% used [0x00000000f1d00000,0x00000000f1d00000,0x00000000f8e80000)
 ParOldGen       total 699392K, used 635621K [0x00000000c0000000, 0x00000000eab00000, 0x00000000eab00000)
  object space 699392K, 90% used [0x00000000c0000000,0x00000000e6cb9450,0x00000000eab00000)
 Metaspace       used 6511K, capacity 7288K, committed 7552K, reserved 1056768K
  class space    used 614K, capacity 624K, committed 640K, reserved 1048576K
Event: 35.544 GC heap after
Heap after GC invocations=43 (full 4):
 PSYoungGen      total 155648K, used 38814K [0x00000000eab00000, 0x00000000ffc00000, 0x0000000100000000)
  eden space 116736K, 0% used [0x00000000eab00000,0x00000000eab00000,0x00000000f1d00000)
  from space 38912K, 99% used [0x00000000f1d00000,0x00000000f42e7948,0x00000000f4300000)
  to   space 114176K, 0% used [0x00000000f8c80000,0x00000000f8c80000,0x00000000ffc00000)
 ParOldGen       total 699392K, used 671908K [0x00000000c0000000, 0x00000000eab00000, 0x00000000eab00000)
  object space 699392K, 96% used [0x00000000c0000000,0x00000000e9029388,0x00000000eab00000)
 Metaspace       used 6511K, capacity 7288K, committed 7552K, reserved 1056768K
  class space    used 614K, capacity 624K, committed 640K, reserved 1048576K
}
Event: 35.544 GC heap before
{Heap before GC invocations=44 (full 5):
 PSYoungGen      total 155648K, used 38814K [0x00000000eab00000, 0x00000000ffc00000, 0x0000000100000000)
  eden space 116736K, 0% used [0x00000000eab00000,0x00000000eab00000,0x00000000f1d00000)
  from space 38912K, 99% used [0x00000000f1d00000,0x00000000f42e7948,0x00000000f4300000)
  to   space 114176K, 0% used [0x00000000f8c80000,0x00000000f8c80000,0x00000000ffc00000)
 ParOldGen       total 699392K, used 671908K [0x00000000c0000000, 0x00000000eab00000, 0x00000000eab00000)
  object space 699392K, 96% used [0x00000000c0000000,0x00000000e9029388,0x00000000eab00000)
 Metaspace       used 6511K, capacity 7288K, committed 7552K, reserved 1056768K
  class space    used 614K, capacity 624K, committed 640K, reserved 1048576K
Event: 40.057 GC heap after
Heap after GC invocations=44 (full 5):
 PSYoungGen      total 155648K, used 6927K [0x00000000eab00000, 0x00000000ffc00000, 0x0000000100000000)
  eden space 116736K, 0% used [0x00000000eab00000,0x00000000eab00000,0x00000000f1d00000)
  from space 38912K, 17% used [0x00000000f1d00000,0x00000000f23c3ff0,0x00000000f4300000)
  to   space 114176K, 0% used [0x00000000f8c80000,0x00000000f8c80000,0x00000000ffc00000)
 ParOldGen       total 699392K, used 698918K [0x00000000c0000000, 0x00000000eab00000, 0x00000000eab00000)
  object space 699392K, 99% used [0x00000000c0000000,0x00000000eaa89a88,0x00000000eab00000)
 Metaspace       used 6511K, capacity 7288K, committed 7552K, reserved 1056768K
  class space    used 614K, capacity 624K, committed 640K, reserved 1048576K
}
Event: 44.407 GC heap before
{Heap before GC invocations=45 (full 6):
 PSYoungGen      total 155648K, used 123663K [0x00000000eab00000, 0x00000000ffc00000, 0x0000000100000000)
  eden space 116736K, 100% used [0x00000000eab00000,0x00000000f1d00000,0x00000000f1d00000)
  from space 38912K, 17% used [0x00000000f1d00000,0x00000000f23c3ff0,0x00000000f4300000)
  to   space 114176K, 0% used [0x00000000f8c80000,0x00000000f8c80000,0x00000000ffc00000)
 ParOldGen       total 699392K, used 698918K [0x00000000c0000000, 0x00000000eab00000, 0x00000000eab00000)
  object space 699392K, 99% used [0x00000000c0000000,0x00000000eaa89a88,0x00000000eab00000)
 Metaspace       used 6521K, capacity 7288K, committed 7552K, reserved 1056768K
  class space    used 615K, capacity 624K, committed 640K, reserved 1048576K
Event: 48.991 GC heap after
Heap after GC invocations=45 (full 6):
 PSYoungGen      total 155648K, used 8712K [0x00000000eab00000, 0x00000000ffc00000, 0x0000000100000000)
  eden space 116736K, 7% used [0x00000000eab00000,0x00000000eb3822d0,0x00000000f1d00000)
  from space 38912K, 0% used [0x00000000f1d00000,0x00000000f1d00000,0x00000000f4300000)
  to   space 114176K, 0% used [0x00000000f8c80000,0x00000000f8c80000,0x00000000ffc00000)
 ParOldGen       total 699392K, used 699301K [0x00000000c0000000, 0x00000000eab00000, 0x00000000eab00000)
  object space 699392K, 99% used [0x00000000c0000000,0x00000000eaae9660,0x00000000eab00000)
 Metaspace       used 6521K, capacity 7288K, committed 7552K, reserved 1056768K
  class space    used 615K, capacity 624K, committed 640K, reserved 1048576K
}
Event: 49.371 GC heap before
{Heap before GC invocations=46 (full 7):
 PSYoungGen      total 155648K, used 116736K [0x00000000eab00000, 0x00000000ffc00000, 0x0000000100000000)
  eden space 116736K, 100% used [0x00000000eab00000,0x00000000f1d00000,0x00000000f1d00000)
  from space 38912K, 0% used [0x00000000f1d00000,0x00000000f1d00000,0x00000000f4300000)
  to   space 114176K, 0% used [0x00000000f8c80000,0x00000000f8c80000,0x00000000ffc00000)
 ParOldGen       total 699392K, used 699301K [0x00000000c0000000, 0x00000000eab00000, 0x00000000eab00000)
  object space 699392K, 99% used [0x00000000c0000000,0x00000000eaae9660,0x00000000eab00000)
 Metaspace       used 6521K, capacity 7288K, committed 7552K, reserved 1056768K
  class space    used 615K, capacity 624K, committed 640K, reserved 1048576K
Event: 52.727 GC heap after
Heap after GC invocations=46 (full 7):
 PSYoungGen      total 155648K, used 24914K [0x00000000eab00000, 0x00000000ffc00000, 0x0000000100000000)
  eden space 116736K, 21% used [0x00000000eab00000,0x00000000ec3549d0,0x00000000f1d00000)
  from space 38912K, 0% used [0x00000000f1d00000,0x00000000f1d00000,0x00000000f4300000)
  to   space 114176K, 0% used [0x00000000f8c80000,0x00000000f8c80000,0x00000000ffc00000)
 ParOldGen       total 699392K, used 699005K [0x00000000c0000000, 0x00000000eab00000, 0x00000000eab00000)
  object space 699392K, 99% used [0x00000000c0000000,0x00000000eaa9f798,0x00000000eab00000)
 Metaspace       used 6521K, capacity 7288K, committed 7552K, reserved 1056768K
  class space    used 615K, capacity 624K, committed 640K, reserved 1048576K
}
Event: 53.185 GC heap before
{Heap before GC invocations=47 (full 8):
 PSYoungGen      total 155648K, used 116736K [0x00000000eab00000, 0x00000000ffc00000, 0x0000000100000000)
  eden space 116736K, 100% used [0x00000000eab00000,0x00000000f1d00000,0x00000000f1d00000)
  from space 38912K, 0% used [0x00000000f1d00000,0x00000000f1d00000,0x00000000f4300000)
  to   space 114176K, 0% used [0x00000000f8c80000,0x00000000f8c80000,0x00000000ffc00000)
 ParOldGen       total 699392K, used 699005K [0x00000000c0000000, 0x00000000eab00000, 0x00000000eab00000)
  object space 699392K, 99% used [0x00000000c0000000,0x00000000eaa9f798,0x00000000eab00000)
 Metaspace       used 6604K, capacity 7384K, committed 7680K, reserved 1056768K
  class space    used 621K, capacity 656K, committed 768K, reserved 1048576K

Deoptimization events (10 events):
Event: 49.332 Thread 0x000000005780e000 Uncommon trap: reason=class_check action=maybe_recompile pc=0x0000000002dcb64c method=com.android.dx.ssa.LiteralOpUpgrader.isConstIntZeroOrKnownNull(Lcom/android/dx/rop/code/RegisterSpec;)Z @ 13
Event: 49.332 Thread 0x000000005780e000 Uncommon trap: reason=class_check action=maybe_recompile pc=0x0000000002dcb64c method=com.android.dx.ssa.LiteralOpUpgrader.isConstIntZeroOrKnownNull(Lcom/android/dx/rop/code/RegisterSpec;)Z @ 13
Event: 52.831 Thread 0x00000000567a0000 Uncommon trap: reason=bimorphic action=maybe_recompile pc=0x000000000330c524 method=com.android.dx.cf.code.BytecodeArray.parseInstruction(ILcom/android/dx/cf/code/BytecodeArray$Visitor;)I @ 1161
Event: 52.831 Thread 0x00000000567a0000 Uncommon trap: reason=bimorphic action=maybe_recompile pc=0x000000000330c524 method=com.android.dx.cf.code.BytecodeArray.parseInstruction(ILcom/android/dx/cf/code/BytecodeArray$Visitor;)I @ 1161
Event: 52.978 Thread 0x000000000212d800 Uncommon trap: reason=unstable_if action=reinterpret pc=0x0000000002cb56b0 method=java.util.concurrent.locks.ReentrantLock$Sync.tryRelease(I)Z @ 28
Event: 52.999 Thread 0x00000000573a4000 Uncommon trap: reason=class_check action=maybe_recompile pc=0x0000000002bfbfb8 method=java.util.Arrays.hashCode([Ljava/lang/Object;)I @ 43
Event: 52.999 Thread 0x00000000573a4000 Uncommon trap: reason=class_check action=maybe_recompile pc=0x0000000002bfbfb8 method=java.util.Arrays.hashCode([Ljava/lang/Object;)I @ 43
Event: 52.999 Thread 0x00000000573a4000 Uncommon trap: reason=class_check action=maybe_recompile pc=0x0000000002bfbfb8 method=java.util.Arrays.hashCode([Ljava/lang/Object;)I @ 43
Event: 52.999 Thread 0x00000000573a4000 Uncommon trap: reason=class_check action=maybe_recompile pc=0x0000000002bfbfb8 method=java.util.Arrays.hashCode([Ljava/lang/Object;)I @ 43
Event: 52.999 Thread 0x00000000573a4000 Uncommon trap: reason=class_check action=maybe_recompile pc=0x0000000002bd3e68 method=java.util.Arrays.hashCode([Ljava/lang/Object;)I @ 43

Internal exceptions (10 events):
Event: 1.100 Thread 0x000000005780e000 Implicit null exception at 0x0000000002ba043e to 0x0000000002ba143d
Event: 1.494 Thread 0x00000000573a4000 Implicit null exception at 0x0000000002b95c79 to 0x0000000002b96abd
Event: 1.621 Thread 0x000000005780f800 Implicit null exception at 0x0000000002bc5d80 to 0x0000000002bc5ef1
Event: 1.915 Thread 0x00000000567a0000 Exception <a 'java/lang/ArrayIndexOutOfBoundsException': 18> (0x00000000eda08d50) thrown at [C:\re\workspace\8-2-build-windows-amd64-cygwin\jdk8u102\7268\hotspot\src\share\vm\interpreter\interpreterRuntime.cpp, line 366]
Event: 1.915 Thread 0x00000000567a0000 Exception <a 'java/lang/ArrayIndexOutOfBoundsException': 145> (0x00000000eda0a8d0) thrown at [C:\re\workspace\8-2-build-windows-amd64-cygwin\jdk8u102\7268\hotspot\src\share\vm\interpreter\interpreterRuntime.cpp, line 366]
Event: 1.916 Thread 0x00000000567a0000 Exception <a 'java/lang/ArrayIndexOutOfBoundsException'> (0x00000000eda0bbb8) thrown at [C:\re\workspace\8-2-build-windows-amd64-cygwin\jdk8u102\7268\hotspot\src\share\vm\runtime\sharedRuntime.cpp, line 605]
Event: 7.170 Thread 0x000000000212d800 Implicit null exception at 0x0000000002d51f1d to 0x0000000002d52c4d
Event: 8.871 Thread 0x000000000212d800 Implicit null exception at 0x00000000028ca0e8 to 0x00000000028ca53d
Event: 32.561 Thread 0x00000000573a4000 Implicit null exception at 0x0000000002923083 to 0x000000000292340d
Event: 32.562 Thread 0x00000000573a4000 Implicit null exception at 0x0000000002b8e5c3 to 0x0000000002b8e8f5

Events (10 events):
Event: 52.999 Thread 0x00000000573a4000 DEOPT PACKING pc=0x0000000002bfbfb8 sp=0x00000000589ce8f0
Event: 52.999 Thread 0x00000000573a4000 DEOPT UNPACKING pc=0x00000000027a582a sp=0x00000000589ce820 mode 2
Event: 52.999 Thread 0x00000000573a4000 Uncommon trap: trap_request=0xffffffde fr.pc=0x0000000002bd3e68
Event: 52.999 Thread 0x00000000573a4000 DEOPT PACKING pc=0x0000000002bd3e68 sp=0x00000000589ce8a0
Event: 52.999 Thread 0x00000000573a4000 DEOPT UNPACKING pc=0x00000000027a582a sp=0x00000000589ce828 mode 2
Event: 53.001 loading class com/android/dx/rop/cst/Zeroes
Event: 53.001 loading class com/android/dx/rop/cst/Zeroes done
Event: 53.091 Thread 0x00000000573a4000 DEOPT PACKING pc=0x0000000002fcd0f4 sp=0x00000000589ceb60
Event: 53.091 Thread 0x00000000573a4000 DEOPT UNPACKING pc=0x00000000027a747f sp=0x00000000589ce880 mode 0
Event: 53.184 Executing VM operation: ParallelGCFailedAllocation


Dynamic libraries:
0x000000013f9b0000 - 0x000000013f9e7000 	C:\Program Files\Java\jdk1.8.0_102\bin\java.exe
0x0000000077690000 - 0x0000000077839000 	C:\Windows\SYSTEM32\ntdll.dll
0x0000000077570000 - 0x000000007768f000 	C:\Windows\system32\kernel32.dll
0x000007fefd7d0000 - 0x000007fefd83b000 	C:\Windows\system32\KERNELBASE.dll
0x000007feff160000 - 0x000007feff23b000 	C:\Windows\system32\ADVAPI32.dll
0x000007fefdf30000 - 0x000007fefdfcf000 	C:\Windows\system32\msvcrt.dll
0x000007fefdfd0000 - 0x000007fefdfef000 	C:\Windows\SYSTEM32\sechost.dll
0x000007fefdd60000 - 0x000007fefde8d000 	C:\Windows\system32\RPCRT4.dll
0x0000000077470000 - 0x000000007756a000 	C:\Windows\system32\USER32.dll
0x000007feff450000 - 0x000007feff4b7000 	C:\Windows\system32\GDI32.dll
0x000007feff610000 - 0x000007feff61e000 	C:\Windows\system32\LPK.dll
0x000007feff4c0000 - 0x000007feff589000 	C:\Windows\system32\USP10.dll
0x000007fefbe20000 - 0x000007fefc014000 	C:\Windows\WinSxS\amd64_microsoft.windows.common-controls_6595b64144ccf1df_6.0.7601.17514_none_fa396087175ac9ac\COMCTL32.dll
0x000007feff590000 - 0x000007feff601000 	C:\Windows\system32\SHLWAPI.dll
0x000007fefd9b0000 - 0x000007fefd9de000 	C:\Windows\system32\IMM32.DLL
0x000007fefd9e0000 - 0x000007fefdae9000 	C:\Windows\system32\MSCTF.dll
0x0000000074690000 - 0x0000000074761000 	C:\Program Files\Java\jdk1.8.0_102\jre\bin\msvcr100.dll
0x0000000071e70000 - 0x000000007270a000 	C:\Program Files\Java\jdk1.8.0_102\jre\bin\server\jvm.dll
0x000007feea9d0000 - 0x000007feea9d9000 	C:\Windows\system32\WSOCK32.dll
0x000007feff110000 - 0x000007feff15d000 	C:\Windows\system32\WS2_32.dll
0x000007fefdd30000 - 0x000007fefdd38000 	C:\Windows\system32\NSI.dll
0x000007fefb4e0000 - 0x000007fefb51b000 	C:\Windows\system32\WINMM.dll
0x000007fefc740000 - 0x000007fefc74c000 	C:\Windows\system32\VERSION.dll
0x0000000077850000 - 0x0000000077857000 	C:\Windows\system32\PSAPI.DLL
0x00000000745a0000 - 0x00000000745af000 	C:\Program Files\Java\jdk1.8.0_102\jre\bin\verify.dll
0x0000000074200000 - 0x0000000074229000 	C:\Program Files\Java\jdk1.8.0_102\jre\bin\java.dll
0x0000000074270000 - 0x0000000074286000 	C:\Program Files\Java\jdk1.8.0_102\jre\bin\zip.dll
0x000007fefdff0000 - 0x000007fefed78000 	C:\Windows\system32\SHELL32.dll
0x000007feff240000 - 0x000007feff443000 	C:\Windows\system32\ole32.dll
0x000007fefd5e0000 - 0x000007fefd5ef000 	C:\Windows\system32\profapi.dll
0x000007fefb540000 - 0x000007fefb665000 	C:\Windows\system32\dbghelp.dll

VM Arguments:
jvm_args: -Djava.awt.headless=true -Xmx1024M -Dfile.encoding=windows-1252 -Duser.country=US -Duser.language=en -Duser.variant 
java_command: com.android.dx.command.Main --dex --num-threads=4 --multi-dex --main-dex-list D:\Raj\Projects\Latest Holela\Holela\holela\build\intermediates\multi-dex\debug\maindexlist.txt --output D:\Raj\Projects\Latest Holela\Holela\holela\build\intermediates\transforms\dex\debug\folders\1000\1f\main D:\Raj\Projects\Latest Holela\Holela\holela\build\intermediates\transforms\jarMerging\debug\jars\1\1f\combined.jar
java_class_path (initial): D:\Software\SDK\build-tools\25.0.2\lib\dx.jar
Launcher Type: SUN_STANDARD

Environment Variables:
PATH=C:\ProgramData\Oracle\Java\javapath;C:\Windows\system32;C:\Windows;C:\Windows\System32\Wbem;C:\Windows\System32\WindowsPowerShell\v1.0\
USERNAME=Raj
OS=Windows_NT
PROCESSOR_IDENTIFIER=Intel64 Family 6 Model 37 Stepping 2, GenuineIntel



---------------  S Y S T E M  ---------------

OS: Windows 7 , 64 bit Build 7601 (6.1.7601.17514)

CPU:total 4 (2 cores per cpu, 2 threads per core) family 6 model 37 stepping 2, cmov, cx8, fxsr, mmx, sse, sse2, sse3, ssse3, sse4.1, sse4.2, popcnt, ht, tsc, tscinvbit

Memory: 4k page, physical 8248436k(2571812k free), swap 16495028k(10559348k free)

vm_info: Java HotSpot(TM) 64-Bit Server VM (25.102-b14) for windows-amd64 JRE (1.8.0_102-b14), built on Jun 22 2016 13:15:21 by "java_re" with MS VC++ 10.0 (VS2010)

time: Fri Aug 04 12:30:10 2017
elapsed time: 53 seconds (0d 0h 0m 53s)

